Using pre-set license
Built from '2020.3/china_unity/release' branch; Version is '2020.3.7f1c1 (98d1c84f5ffb) revision 10015176'; Using compiler version '192528614'; Build Type 'Release'
OS: 'Windows 10 Home China; OS build 19042.1052; Version 2009; 64bit' Language: 'zh' Physical Memory: 16303 MB
BatchMode: 1, IsHumanControllingUs: 0, StartBugReporterOnCrash: 0, Is64bit: 1, IsPro: 0

 COMMAND LINE ARGUMENTS:
C:\Program Files\Unity\Hub\Editor\2020.3.7f1c1\Editor\Unity.exe
-adb2
-batchMode
-noUpm
-name
AssetImportWorker0
-projectPath
D:/GitHub/MyAI_2021_06_13/AItest2
-logFile
Logs/AssetImportWorker0.log
-srvPort
65328
Successfully changed project path to: D:/GitHub/MyAI_2021_06_13/AItest2
D:/GitHub/MyAI_2021_06_13/AItest2
Using Asset Import Pipeline V2.
Refreshing native plugins compatible for Editor in 25.35 ms, found 0 plugins.
Preloading 0 native plugins for Editor in 0.00 ms.
Initialize engine version: 2020.3.7f1c1 (98d1c84f5ffb)
[Subsystems] Discovering subsystems at path C:/Program Files/Unity/Hub/Editor/2020.3.7f1c1/Editor/Data/Resources/UnitySubsystems
[Subsystems] Discovering subsystems at path D:/GitHub/MyAI_2021_06_13/AItest2/Assets
GfxDevice: creating device client; threaded=0
Direct3D:
    Version:  Direct3D 11.0 [level 11.1]
    Renderer: NVIDIA GeForce GTX 1650 (ID=0x1f91)
    Vendor:   
    VRAM:     3962 MB
    Driver:   26.21.14.4223
Initialize mono
Mono path[0] = 'C:/Program Files/Unity/Hub/Editor/2020.3.7f1c1/Editor/Data/Managed'
Mono path[1] = 'C:/Program Files/Unity/Hub/Editor/2020.3.7f1c1/Editor/Data/MonoBleedingEdge/lib/mono/unityjit'
Mono config path = 'C:/Program Files/Unity/Hub/Editor/2020.3.7f1c1/Editor/Data/MonoBleedingEdge/etc'
Using monoOptions --debugger-agent=transport=dt_socket,embedding=1,server=y,suspend=n,address=127.0.0.1:56440
Begin MonoManager ReloadAssembly
Registering precompiled unity dll's ...
Register platform support module: C:/Program Files/Unity/Hub/Editor/2020.3.7f1c1/Editor/Data/PlaybackEngines/WindowsStandaloneSupport/UnityEditor.WindowsStandalone.Extensions.dll
Registered in 0.005934 seconds.
Native extension for WindowsStandalone target not found
Refreshing native plugins compatible for Editor in 21.63 ms, found 0 plugins.
Preloading 0 native plugins for Editor in 0.00 ms.
Mono: successfully reloaded assembly
- Completed reload, in  1.333 seconds
Platform modules already initialized, skipping
Registering precompiled user dll's ...
Registered in 0.001880 seconds.
Begin MonoManager ReloadAssembly
Native extension for WindowsStandalone target not found
Refreshing native plugins compatible for Editor in 0.30 ms, found 0 plugins.
Preloading 0 native plugins for Editor in 0.00 ms.
Mono: successfully reloaded assembly
- Completed reload, in  0.970 seconds
Platform modules already initialized, skipping
========================================================================
Worker process is ready to serve import requests
Launched and connected shader compiler UnityShaderCompiler.exe after 0.08 seconds
Refreshing native plugins compatible for Editor in 0.28 ms, found 0 plugins.
Preloading 0 native plugins for Editor in 0.00 ms.
Unloading 1153 Unused Serialized files (Serialized files now loaded: 0)
System memory in use before: 62.3 MB.
System memory in use after: 62.3 MB.

Unloading 12 unused Assets to reduce memory usage. Loaded Objects now: 1594.
Total: 2.092700 ms (FindLiveObjects: 0.158200 ms CreateObjectMapping: 0.040800 ms MarkObjects: 1.836000 ms  DeleteObjects: 0.056700 ms)

========================================================================
Received Import Request.
  path: Assets/Scripts/AISystem/FrameWork/PolicyFunction.cs
  artifactKey: Guid(4546249bdb4cef843aa05361fc6fd9c1) Importer(815301076,1909f56bfc062723c751e8b465ee728b)
Start importing Assets/Scripts/AISystem/FrameWork/PolicyFunction.cs using Guid(4546249bdb4cef843aa05361fc6fd9c1) Importer(815301076,1909f56bfc062723c751e8b465ee728b)  -> (artifact id: 'c80bb2489a3d5cf1b22487634744fdf7') in 0.028280 seconds
  Import took 0.030061 seconds .

========================================================================
Received Import Request.
  Time since last request: 0.000372 seconds.
  path: Assets/Scripts/AISystem/FrameWork
  artifactKey: Guid(9ae423d9327b6e54b9ba8cb22e2bae9c) Importer(815301076,1909f56bfc062723c751e8b465ee728b)
Start importing Assets/Scripts/AISystem/FrameWork using Guid(9ae423d9327b6e54b9ba8cb22e2bae9c) Importer(815301076,1909f56bfc062723c751e8b465ee728b)  -> (artifact id: '50464af77a4c12807c219b94fa8ad3c5') in 0.001758 seconds
  Import took 0.003260 seconds .

========================================================================
Received Import Request.
  Time since last request: 2.549669 seconds.
  path: Assets/Scripts/AISystem/Agents
  artifactKey: Guid(c1649885bc232324697413ea315e100d) Importer(815301076,1909f56bfc062723c751e8b465ee728b)
Start importing Assets/Scripts/AISystem/Agents using Guid(c1649885bc232324697413ea315e100d) Importer(815301076,1909f56bfc062723c751e8b465ee728b)  -> (artifact id: '1f4c0343fffbc62779fc37be58334495') in 0.001729 seconds
  Import took 0.003960 seconds .

========================================================================
Received Import Request.
  Time since last request: 1.565297 seconds.
  path: Assets/Scripts/AISystem/Agents/Sarsa0Agent.cs
  artifactKey: Guid(0bc0096b075e1204fb4c3d8ca4109896) Importer(815301076,1909f56bfc062723c751e8b465ee728b)
Start importing Assets/Scripts/AISystem/Agents/Sarsa0Agent.cs using Guid(0bc0096b075e1204fb4c3d8ca4109896) Importer(815301076,1909f56bfc062723c751e8b465ee728b)  -> (artifact id: 'd0f4ce612bb1a2b476043d395b91388f') in 0.002345 seconds
  Import took 0.004261 seconds .

========================================================================
Received Import Request.
  Time since last request: 0.001177 seconds.
  path: Assets/Scripts/AISystem/Agents/Sarsa0Agent.cs
  artifactKey: Guid(0bc0096b075e1204fb4c3d8ca4109896) Importer(815301076,1909f56bfc062723c751e8b465ee728b)
Start importing Assets/Scripts/AISystem/Agents/Sarsa0Agent.cs using Guid(0bc0096b075e1204fb4c3d8ca4109896) Importer(815301076,1909f56bfc062723c751e8b465ee728b)  -> (artifact id: 'd0f4ce612bb1a2b476043d395b91388f') in 0.001822 seconds
  Import took 0.003590 seconds .

========================================================================
Received Import Request.
  Time since last request: 24.558350 seconds.
  path: Assets/Scripts/AISystem/Agents/Agent.cs
  artifactKey: Guid(d383003ed4a91bb4eb26ba03ab8e7b2e) Importer(815301076,1909f56bfc062723c751e8b465ee728b)
Start importing Assets/Scripts/AISystem/Agents/Agent.cs using Guid(d383003ed4a91bb4eb26ba03ab8e7b2e) Importer(815301076,1909f56bfc062723c751e8b465ee728b)  -> (artifact id: 'd4fbeae5112aafb9baadb21d48f45776') in 0.002296 seconds
  Import took 0.004353 seconds .

========================================================================
Received Import Request.
  Time since last request: 0.007515 seconds.
  path: Assets/Scripts/AISystem/Agents/Agent.cs
  artifactKey: Guid(d383003ed4a91bb4eb26ba03ab8e7b2e) Importer(815301076,1909f56bfc062723c751e8b465ee728b)
Start importing Assets/Scripts/AISystem/Agents/Agent.cs using Guid(d383003ed4a91bb4eb26ba03ab8e7b2e) Importer(815301076,1909f56bfc062723c751e8b465ee728b)  -> (artifact id: 'd4fbeae5112aafb9baadb21d48f45776') in 0.002532 seconds
  Import took 0.005353 seconds .

========================================================================
Received Import Request.
  Time since last request: 21.771505 seconds.
  path: Assets/Scripts/AISystem/Agents/Agent.cs
  artifactKey: Guid(d383003ed4a91bb4eb26ba03ab8e7b2e) Importer(815301076,1909f56bfc062723c751e8b465ee728b)
Start importing Assets/Scripts/AISystem/Agents/Agent.cs using Guid(d383003ed4a91bb4eb26ba03ab8e7b2e) Importer(815301076,1909f56bfc062723c751e8b465ee728b)  -> (artifact id: 'c08e80847478f8e0ec872e7076adf336') in 0.002591 seconds
  Import took 0.004789 seconds .

========================================================================
Received Prepare
Registering precompiled user dll's ...
Registered in 0.002622 seconds.
Begin MonoManager ReloadAssembly
Native extension for WindowsStandalone target not found
Refreshing native plugins compatible for Editor in 0.21 ms, found 0 plugins.
Preloading 0 native plugins for Editor in 0.00 ms.
Mono: successfully reloaded assembly
- Completed reload, in  0.909 seconds
Platform modules already initialized, skipping
Refreshing native plugins compatible for Editor in 0.20 ms, found 0 plugins.
Preloading 0 native plugins for Editor in 0.00 ms.
Unloading 1134 Unused Serialized files (Serialized files now loaded: 0)
System memory in use before: 60.8 MB.
System memory in use after: 60.9 MB.

Unloading 7 unused Assets to reduce memory usage. Loaded Objects now: 1597.
Total: 1.639800 ms (FindLiveObjects: 0.118300 ms CreateObjectMapping: 0.035800 ms MarkObjects: 1.471800 ms  DeleteObjects: 0.013100 ms)

========================================================================
Received Prepare
Registering precompiled user dll's ...
Registered in 0.002423 seconds.
Begin MonoManager ReloadAssembly
Native extension for WindowsStandalone target not found
Refreshing native plugins compatible for Editor in 0.20 ms, found 0 plugins.
Preloading 0 native plugins for Editor in 0.00 ms.
Mono: successfully reloaded assembly
- Completed reload, in  0.940 seconds
Platform modules already initialized, skipping
Refreshing native plugins compatible for Editor in 0.26 ms, found 0 plugins.
Preloading 0 native plugins for Editor in 0.00 ms.
Unloading 1134 Unused Serialized files (Serialized files now loaded: 0)
System memory in use before: 60.8 MB.
System memory in use after: 60.9 MB.

Unloading 7 unused Assets to reduce memory usage. Loaded Objects now: 1600.
Total: 1.577800 ms (FindLiveObjects: 0.212300 ms CreateObjectMapping: 0.073300 ms MarkObjects: 1.275100 ms  DeleteObjects: 0.015600 ms)

========================================================================
Received Prepare
Registering precompiled user dll's ...
Registered in 0.002236 seconds.
Begin MonoManager ReloadAssembly
Native extension for WindowsStandalone target not found
Refreshing native plugins compatible for Editor in 0.21 ms, found 0 plugins.
Preloading 0 native plugins for Editor in 0.00 ms.
Mono: successfully reloaded assembly
- Completed reload, in  0.901 seconds
Platform modules already initialized, skipping
Refreshing native plugins compatible for Editor in 0.20 ms, found 0 plugins.
Preloading 0 native plugins for Editor in 0.00 ms.
Unloading 1134 Unused Serialized files (Serialized files now loaded: 0)
System memory in use before: 60.8 MB.
System memory in use after: 60.9 MB.

Unloading 7 unused Assets to reduce memory usage. Loaded Objects now: 1603.
Total: 1.679300 ms (FindLiveObjects: 0.138100 ms CreateObjectMapping: 0.035900 ms MarkObjects: 1.490900 ms  DeleteObjects: 0.013200 ms)

========================================================================
Received Import Request.
  Time since last request: 728.271591 seconds.
  path: Assets/Scripts/AISystem/Agents/Agent.cs
  artifactKey: Guid(d383003ed4a91bb4eb26ba03ab8e7b2e) Importer(815301076,1909f56bfc062723c751e8b465ee728b)
Start importing Assets/Scripts/AISystem/Agents/Agent.cs using Guid(d383003ed4a91bb4eb26ba03ab8e7b2e) Importer(815301076,1909f56bfc062723c751e8b465ee728b)  -> (artifact id: '8a4f4abd59aa1c91845775b584a64133') in 0.004720 seconds
  Import took 0.006506 seconds .

========================================================================
Received Import Request.
  Time since last request: 1.887696 seconds.
  path: Assets/Scripts/AISystem/Agents/Agent.cs
  artifactKey: Guid(d383003ed4a91bb4eb26ba03ab8e7b2e) Importer(815301076,1909f56bfc062723c751e8b465ee728b)
Start importing Assets/Scripts/AISystem/Agents/Agent.cs using Guid(d383003ed4a91bb4eb26ba03ab8e7b2e) Importer(815301076,1909f56bfc062723c751e8b465ee728b)  -> (artifact id: '8a4f4abd59aa1c91845775b584a64133') in 0.002311 seconds
  Import took 0.004042 seconds .

========================================================================
Received Prepare
Registering precompiled user dll's ...
Registered in 0.002131 seconds.
Begin MonoManager ReloadAssembly
Native extension for WindowsStandalone target not found
Refreshing native plugins compatible for Editor in 0.24 ms, found 0 plugins.
Preloading 0 native plugins for Editor in 0.00 ms.
Mono: successfully reloaded assembly
- Completed reload, in  0.936 seconds
Platform modules already initialized, skipping
Refreshing native plugins compatible for Editor in 0.21 ms, found 0 plugins.
Preloading 0 native plugins for Editor in 0.00 ms.
Unloading 1134 Unused Serialized files (Serialized files now loaded: 0)
System memory in use before: 60.8 MB.
System memory in use after: 60.9 MB.

Unloading 7 unused Assets to reduce memory usage. Loaded Objects now: 1606.
Total: 1.613600 ms (FindLiveObjects: 0.170600 ms CreateObjectMapping: 0.053500 ms MarkObjects: 1.373500 ms  DeleteObjects: 0.014200 ms)

AssetImportWorkerClient::OnTransportError - code=2 error=End of file
